This is pdfTeX, Version 3.141592653-2.6-1.40.27 (TeX Live 2025) (preloaded format=pdflatex 2025.3.8)  11 MAY 2025 08:17
entering extended mode
 restricted \write18 enabled.
 %&-line parsing enabled.
**main.tex
(./main.tex
LaTeX2e <2024-11-01> patch level 2
L3 programming layer <2025-01-18>
(/usr/local/texlive/2025/texmf-dist/tex/latex/base/article.cls
Document Class: article 2024/06/29 v1.4n Standard LaTeX document class
(/usr/local/texlive/2025/texmf-dist/tex/latex/base/size12.clo
File: size12.clo 2024/06/29 v1.4n Standard LaTeX file (size option)
)
\c@part=\count196
\c@section=\count197
\c@subsection=\count198
\c@subsubsection=\count199
\c@paragraph=\count266
\c@subparagraph=\count267
\c@figure=\count268
\c@table=\count269
\abovecaptionskip=\skip49
\belowcaptionskip=\skip50
\bibindent=\dimen141
)
(/usr/local/texlive/2025/texmf-dist/tex/latex/geometry/geometry.sty
Package: geometry 2020/01/02 v5.9 Page Geometry

(/usr/local/texlive/2025/texmf-dist/tex/latex/graphics/keyval.sty
Package: keyval 2022/05/29 v1.15 key=value parser (DPC)
\KV@toks@=\toks17
)
(/usr/local/texlive/2025/texmf-dist/tex/generic/iftex/ifvtex.sty
Package: ifvtex 2019/10/25 v1.7 ifvtex legacy package. Use iftex instead.

(/usr/local/texlive/2025/texmf-dist/tex/generic/iftex/iftex.sty
Package: iftex 2024/12/12 v1.0g TeX engine tests
))
\Gm@cnth=\count270
\Gm@cntv=\count271
\c@Gm@tempcnt=\count272
\Gm@bindingoffset=\dimen142
\Gm@wd@mp=\dimen143
\Gm@odd@mp=\dimen144
\Gm@even@mp=\dimen145
\Gm@layoutwidth=\dimen146
\Gm@layoutheight=\dimen147
\Gm@layouthoffset=\dimen148
\Gm@layoutvoffset=\dimen149
\Gm@dimlist=\toks18
)
(/usr/local/texlive/2025/texmf-dist/tex/latex/float/float.sty
Package: float 2001/11/08 v1.3d Float enhancements (AL)
\c@float@type=\count273
\float@exts=\toks19
\float@box=\box52
\@float@everytoks=\toks20
\@floatcapt=\box53
)
(/usr/local/texlive/2025/texmf-dist/tex/latex/xcolor/xcolor.sty
Package: xcolor 2024/09/29 v3.02 LaTeX color extensions (UK)

(/usr/local/texlive/2025/texmf-dist/tex/latex/graphics-cfg/color.cfg
File: color.cfg 2016/01/02 v1.6 sample color configuration
)
Package xcolor Info: Driver file: pdftex.def on input line 274.

(/usr/local/texlive/2025/texmf-dist/tex/latex/graphics-def/pdftex.def
File: pdftex.def 2024/04/13 v1.2c Graphics/color driver for pdftex
)
(/usr/local/texlive/2025/texmf-dist/tex/latex/graphics/mathcolor.ltx)
Package xcolor Info: Model `cmy' substituted by `cmy0' on input line 1349.
Package xcolor Info: Model `hsb' substituted by `rgb' on input line 1353.
Package xcolor Info: Model `RGB' extended on input line 1365.
Package xcolor Info: Model `HTML' substituted by `rgb' on input line 1367.
Package xcolor Info: Model `Hsb' substituted by `hsb' on input line 1368.
Package xcolor Info: Model `tHsb' substituted by `hsb' on input line 1369.
Package xcolor Info: Model `HSB' substituted by `hsb' on input line 1370.
Package xcolor Info: Model `Gray' substituted by `gray' on input line 1371.
Package xcolor Info: Model `wave' substituted by `hsb' on input line 1372.
)
(/usr/local/texlive/2025/texmf-dist/tex/latex/colortbl/colortbl.sty
Package: colortbl 2024/07/06 v1.0i Color table columns (DPC)

(/usr/local/texlive/2025/texmf-dist/tex/latex/tools/array.sty
Package: array 2024/10/17 v2.6g Tabular extension package (FMi)
\col@sep=\dimen150
\ar@mcellbox=\box54
\extrarowheight=\dimen151
\NC@list=\toks21
\extratabsurround=\skip51
\backup@length=\skip52
\ar@cellbox=\box55
)
\everycr=\toks22
\minrowclearance=\skip53
\rownum=\count274
)
(/usr/local/texlive/2025/texmf-dist/tex/latex/cite/cite.sty
LaTeX Info: Redefining \cite on input line 302.
LaTeX Info: Redefining \nocite on input line 332.
Package: cite 2015/02/27  v 5.5
)
(/usr/local/texlive/2025/texmf-dist/tex/latex/caption/subcaption.sty
Package: subcaption 2023/07/28 v1.6b Sub-captions (AR)

(/usr/local/texlive/2025/texmf-dist/tex/latex/caption/caption.sty
Package: caption 2023/08/05 v3.6o Customizing captions (AR)

(/usr/local/texlive/2025/texmf-dist/tex/latex/caption/caption3.sty
Package: caption3 2023/07/31 v2.4d caption3 kernel (AR)
\caption@tempdima=\dimen152
\captionmargin=\dimen153
\caption@leftmargin=\dimen154
\caption@rightmargin=\dimen155
\caption@width=\dimen156
\caption@indent=\dimen157
\caption@parindent=\dimen158
\caption@hangindent=\dimen159
Package caption Info: Standard document class detected.
)
\c@caption@flags=\count275
\c@continuedfloat=\count276
Package caption Info: float package is loaded.
)
Package caption Info: New subtype `subfigure' on input line 238.
\c@subfigure=\count277
Package caption Info: New subtype `subtable' on input line 238.
\c@subtable=\count278
)
(/usr/local/texlive/2025/texmf-dist/tex/latex/multirow/multirow.sty
Package: multirow 2024/11/12 v2.9 Span multiple rows of a table
\multirow@colwidth=\skip54
\multirow@cntb=\count279
\multirow@dima=\skip55
\bigstrutjot=\dimen160
)
(/usr/local/texlive/2025/texmf-dist/tex/latex/graphics/graphicx.sty
Package: graphicx 2021/09/16 v1.2d Enhanced LaTeX Graphics (DPC,SPQR)

(/usr/local/texlive/2025/texmf-dist/tex/latex/graphics/graphics.sty
Package: graphics 2024/08/06 v1.4g Standard LaTeX Graphics (DPC,SPQR)

(/usr/local/texlive/2025/texmf-dist/tex/latex/graphics/trig.sty
Package: trig 2023/12/02 v1.11 sin cos tan (DPC)
)
(/usr/local/texlive/2025/texmf-dist/tex/latex/graphics-cfg/graphics.cfg
File: graphics.cfg 2016/06/04 v1.11 sample graphics configuration
)
Package graphics Info: Driver file: pdftex.def on input line 106.
)
\Gin@req@height=\dimen161
\Gin@req@width=\dimen162
)
(/usr/local/texlive/2025/texmf-dist/tex/latex/amsmath/amsmath.sty
Package: amsmath 2024/11/05 v2.17t AMS math features
\@mathmargin=\skip56

For additional information on amsmath, use the `?' option.
(/usr/local/texlive/2025/texmf-dist/tex/latex/amsmath/amstext.sty
Package: amstext 2021/08/26 v2.01 AMS text

(/usr/local/texlive/2025/texmf-dist/tex/latex/amsmath/amsgen.sty
File: amsgen.sty 1999/11/30 v2.0 generic functions
\@emptytoks=\toks23
\ex@=\dimen163
))
(/usr/local/texlive/2025/texmf-dist/tex/latex/amsmath/amsbsy.sty
Package: amsbsy 1999/11/29 v1.2d Bold Symbols
\pmbraise@=\dimen164
)
(/usr/local/texlive/2025/texmf-dist/tex/latex/amsmath/amsopn.sty
Package: amsopn 2022/04/08 v2.04 operator names
)
\inf@bad=\count280
LaTeX Info: Redefining \frac on input line 233.
\uproot@=\count281
\leftroot@=\count282
LaTeX Info: Redefining \overline on input line 398.
LaTeX Info: Redefining \colon on input line 409.
\classnum@=\count283
\DOTSCASE@=\count284
LaTeX Info: Redefining \ldots on input line 495.
LaTeX Info: Redefining \dots on input line 498.
LaTeX Info: Redefining \cdots on input line 619.
\Mathstrutbox@=\box56
\strutbox@=\box57
LaTeX Info: Redefining \big on input line 721.
LaTeX Info: Redefining \Big on input line 722.
LaTeX Info: Redefining \bigg on input line 723.
LaTeX Info: Redefining \Bigg on input line 724.
\big@size=\dimen165
LaTeX Font Info:    Redeclaring font encoding OML on input line 742.
LaTeX Font Info:    Redeclaring font encoding OMS on input line 743.
\macc@depth=\count285
LaTeX Info: Redefining \bmod on input line 904.
LaTeX Info: Redefining \pmod on input line 909.
LaTeX Info: Redefining \smash on input line 939.
LaTeX Info: Redefining \relbar on input line 969.
LaTeX Info: Redefining \Relbar on input line 970.
\c@MaxMatrixCols=\count286
\dotsspace@=\muskip17
\c@parentequation=\count287
\dspbrk@lvl=\count288
\tag@help=\toks24
\row@=\count289
\column@=\count290
\maxfields@=\count291
\andhelp@=\toks25
\eqnshift@=\dimen166
\alignsep@=\dimen167
\tagshift@=\dimen168
\tagwidth@=\dimen169
\totwidth@=\dimen170
\lineht@=\dimen171
\@envbody=\toks26
\multlinegap=\skip57
\multlinetaggap=\skip58
\mathdisplay@stack=\toks27
LaTeX Info: Redefining \[ on input line 2953.
LaTeX Info: Redefining \] on input line 2954.
)
(/usr/local/texlive/2025/texmf-dist/tex/latex/amsfonts/amssymb.sty
Package: amssymb 2013/01/14 v3.01 AMS font symbols

(/usr/local/texlive/2025/texmf-dist/tex/latex/amsfonts/amsfonts.sty
Package: amsfonts 2013/01/14 v3.01 Basic AMSFonts support
\symAMSa=\mathgroup4
\symAMSb=\mathgroup5
LaTeX Font Info:    Redeclaring math symbol \hbar on input line 98.
LaTeX Font Info:    Overwriting math alphabet `\mathfrak' in version `bold'
(Font)                  U/euf/m/n --> U/euf/b/n on input line 106.
))
(/usr/local/texlive/2025/texmf-dist/tex/latex/algorithms/algorithmic.sty
Package: algorithmic 2009/08/24 v0.1 Document Style `algorithmic'

(/usr/local/texlive/2025/texmf-dist/tex/latex/base/ifthen.sty
Package: ifthen 2024/03/16 v1.1e Standard LaTeX ifthen package (DPC)
)
\c@ALC@unique=\count292
\c@ALC@line=\count293
\c@ALC@rem=\count294
\c@ALC@depth=\count295
\ALC@tlm=\skip59
\algorithmicindent=\skip60
)
(/usr/local/texlive/2025/texmf-dist/tex/latex/base/textcomp.sty
Package: textcomp 2024/04/24 v2.1b Standard LaTeX package
)
(/usr/local/texlive/2025/texmf-dist/tex/latex/setspace/setspace.sty
Package: setspace 2022/12/04 v6.7b set line spacing
)
(/usr/local/texlive/2025/texmf-dist/tex/latex/tools/tabularx.sty
Package: tabularx 2023/12/11 v2.12a `tabularx' package (DPC)
\TX@col@width=\dimen172
\TX@old@table=\dimen173
\TX@old@col=\dimen174
\TX@target=\dimen175
\TX@delta=\dimen176
\TX@cols=\count296
\TX@ftn=\toks28
)
(/usr/local/texlive/2025/texmf-dist/tex/latex/url/url.sty
\Urlmuskip=\muskip18
Package: url 2013/09/16  ver 3.4  Verb mode for urls, etc.
)
(/usr/local/texlive/2025/texmf-dist/tex/latex/tabularray/tabularray.sty
(/usr/local/texlive/2025/texmf-dist/tex/latex/l3kernel/expl3.sty
Package: expl3 2025-01-18 L3 programming layer (loader) 

(/usr/local/texlive/2025/texmf-dist/tex/latex/l3backend/l3backend-pdftex.def
File: l3backend-pdftex.def 2024-05-08 L3 backend support: PDF output (pdfTeX)
\l__color_backend_stack_int=\count297
\l__pdf_internal_box=\box58
))
Package: tabularray 2024-02-16 v2024A Typeset tabulars and arrays with LaTeX3
\l__tblr_a_int=\count298
\l__tblr_c_int=\count299
\l__tblr_r_int=\count300
\l__tblr_d_dim=\dimen177
\l__tblr_h_dim=\dimen178
\l__tblr_o_dim=\dimen179
\l__tblr_p_dim=\dimen180
\l__tblr_q_dim=\dimen181
\l__tblr_r_dim=\dimen182
\l__tblr_s_dim=\dimen183
\l__tblr_t_dim=\dimen184
\l__tblr_v_dim=\dimen185
\l__tblr_w_dim=\dimen186
\l__tblr_a_box=\box59
\l__tblr_b_box=\box60
\l__tblr_c_box=\box61
\l__tblr_d_box=\box62
\g__tblr_table_count_int=\count301
\c@colnum=\count302
\c@rowcount=\count303
\c@colcount=\count304
\abovesep=\dimen187
\belowsep=\dimen188
\leftsep=\dimen189
\rightsep=\dimen190
\g_tblr_level_int=\count305
\g__tblr_data_row_key_count_int=\count306
\g__tblr_data_column_key_count_int=\count307
\g__tblr_data_cell_key_count_int=\count308
\g__tblr_array_int=\count309
\l__tblr_key_count_int=\count310
\l__tblr_key_quotient_int=\count311
\l__tblr_key_quotient_two_int=\count312
\l__tblr_key_remainder_int=\count313
\g__tblr_data_str_value_count_int=\count314
\rulewidth=\dimen191
\l__tblr_strut_dp_dim=\dimen192
\l__tblr_strut_ht_dim=\dimen193
\g__tblr_cell_wd_dim=\dimen194
\g__tblr_cell_ht_dim=\dimen195
\g__tblr_cell_head_dim=\dimen196
\g__tblr_cell_foot_dim=\dimen197
\l__column_target_dim=\dimen198
\l__tblr_caption_box=\box63
\l__tblr_caption_left_box=\box64
\l__tblr_row_head_box=\box65
\l__tblr_row_foot_box=\box66
\l__tblr_row_head_foot_dim=\dimen199
\tablewidth=\dimen256
\l__tblr_table_firsthead_box=\box67
\l__tblr_table_middlehead_box=\box68
\l__tblr_table_lasthead_box=\box69
\l__tblr_table_firstfoot_box=\box70
\l__tblr_table_middlefoot_box=\box71
\l__tblr_table_lastfoot_box=\box72
\l__tblr_remain_height_dim=\dimen257
\l__tblr_long_from_int=\count315
\l__tblr_long_to_int=\count316
\l__tblr_curr_i_int=\count317
\l__tblr_prev_i_int=\count318
\l__tblr_table_page_int=\count319
\l__tblr_table_head_box=\box73
\l__tblr_table_foot_box=\box74
\l__tblr_table_head_foot_dim=\dimen258
\l__tblr_table_head_body_foot_dim=\dimen259
\l__tblr_table_box=\box75
\l__tblr_table_hlines_box=\box76
\l__tblr_hline_box=\box77
\l__tblr_row_box=\box78
\l__tblr_col_o_wd_dim=\dimen260
\l__tblr_col_b_wd_dim=\dimen261
\l__tblr_hline_leftskip_dim=\dimen262
\l__tblr_hline_rightskip_dim=\dimen263
\l__tblr_row_ht_dim=\dimen264
\l__tblr_row_dp_dim=\dimen265
\l__tblr_row_abovesep_dim=\dimen266
\l__tblr_row_belowsep_dim=\dimen267
\l__tblr_row_vlines_box=\box79
\l__tblr_vline_box=\box80
\l__tblr_cell_box=\box81
\l__row_upper_dim=\dimen268
\l__row_lower_dim=\dimen269
\l__row_vpace_dim=\dimen270
\l__tblr_vline_aboveskip_dim=\dimen271
\l__tblr_vline_belowskip_dim=\dimen272
\l__tblr_cell_wd_dim=\dimen273
\l__tblr_cell_ht_dim=\dimen274
\l__tblr_diag_box=\box82
) (/usr/local/texlive/2025/texmf-dist/tex/latex/makecell/makecell.sty
Package: makecell 2009/08/03 V0.1e Managing of Tab Column Heads and Cells
\rotheadsize=\dimen275
\c@nlinenum=\count320
\TeXr@lab=\toks29
)
(/usr/local/texlive/2025/texmf-dist/tex/latex/placeins/placeins.sty
Package: placeins 2005/04/18  v 2.2
)
(/usr/local/texlive/2025/texmf-dist/tex/latex/comment/comment.sty
\CommentStream=\write3

Excluding comment 'comment')
(/usr/local/texlive/2025/texmf-dist/tex/latex/tools/verbatim.sty
Package: verbatim 2024-01-22 v1.5x LaTeX2e package for verbatim enhancements
\every@verbatim=\toks30
\verbatim@line=\toks31
\verbatim@in@stream=\read2
)
(/usr/local/texlive/2025/texmf-dist/tex/latex/graphics/rotating.sty
Package: rotating 2016/08/11 v2.16d rotated objects in LaTeX
\c@r@tfl@t=\count321
\rotFPtop=\skip61
\rotFPbot=\skip62
\rot@float@box=\box83
\rot@mess@toks=\toks32
)
(/usr/local/texlive/2025/texmf-dist/tex/latex/changepage/changepage.sty
Package: changepage 2009/10/20 v1.0c check page and change page layout
\c@cp@cntr=\count322
\cp@tempcnt=\count323
)
(/usr/local/texlive/2025/texmf-dist/tex/latex/booktabs/booktabs.sty
Package: booktabs 2020/01/12 v1.61803398 Publication quality tables
\heavyrulewidth=\dimen276
\lightrulewidth=\dimen277
\cmidrulewidth=\dimen278
\belowrulesep=\dimen279
\belowbottomsep=\dimen280
\aboverulesep=\dimen281
\abovetopsep=\dimen282
\cmidrulesep=\dimen283
\cmidrulekern=\dimen284
\defaultaddspace=\dimen285
\@cmidla=\count324
\@cmidlb=\count325
\@aboverulesep=\dimen286
\@belowrulesep=\dimen287
\@thisruleclass=\count326
\@lastruleclass=\count327
\@thisrulewidth=\dimen288
)
(/usr/local/texlive/2025/texmf-dist/tex/generic/soul/soul.sty
Package: soul 2023-06-14 v3.1 Permit use of UTF-8 characters in soul (HO)

(/usr/local/texlive/2025/texmf-dist/tex/generic/soul/soul-ori.sty
Package: soul-ori 2023-06-14 v3.1 letterspacing/underlining (mf)
\SOUL@word=\toks33
\SOUL@lasttoken=\toks34
\SOUL@syllable=\toks35
\SOUL@cmds=\toks36
\SOUL@buffer=\toks37
\SOUL@token=\toks38
\SOUL@syllgoal=\dimen289
\SOUL@syllwidth=\dimen290
\SOUL@charkern=\dimen291
\SOUL@hyphkern=\dimen292
\SOUL@dimen=\dimen293
\SOUL@dimeni=\dimen294
\SOUL@minus=\count328
\SOUL@comma=\count329
\SOUL@apo=\count330
\SOUL@grave=\count331
\SOUL@spaceskip=\skip63
\SOUL@ttwidth=\dimen295
\SOUL@uldp=\dimen296
\SOUL@ulht=\dimen297
)
(/usr/local/texlive/2025/texmf-dist/tex/generic/infwarerr/infwarerr.sty
Package: infwarerr 2019/12/03 v1.5 Providing info/warning/error messages (HO)
)
(/usr/local/texlive/2025/texmf-dist/tex/generic/etexcmds/etexcmds.sty
Package: etexcmds 2019/12/15 v1.7 Avoid name clashes with e-TeX commands (HO)
))
(/usr/local/texlive/2025/texmf-dist/tex/latex/threeparttable/threeparttable.sty
Package: threeparttable 2003/06/13  v 3.0
\@tempboxb=\box84
) (/usr/local/texlive/2025/texmf-dist/tex/latex/pdflscape/pdflscape.sty
Package: pdflscape 2022-10-27 v0.13 Display of landscape pages in PDF

(/usr/local/texlive/2025/texmf-dist/tex/latex/pdflscape/pdflscape-nometadata.st
y
Package: pdflscape-nometadata 2022-10-28 v0.13 Display of landscape pages in PD
F (HO)
 (/usr/local/texlive/2025/texmf-dist/tex/latex/graphics/lscape.sty
Package: lscape 2020/05/28 v3.02 Landscape Pages (DPC)
)
Package pdflscape Info: Auto-detected driver: pdftex on input line 81.
))
(/usr/local/texlive/2025/texmf-dist/tex/latex/adjustbox/adjustbox.sty
Package: adjustbox 2025/02/26 v1.3c Adjusting TeX boxes (trim, clip, ...)

(/usr/local/texlive/2025/texmf-dist/tex/latex/xkeyval/xkeyval.sty
Package: xkeyval 2022/06/16 v2.9 package option processing (HA)

(/usr/local/texlive/2025/texmf-dist/tex/generic/xkeyval/xkeyval.tex
(/usr/local/texlive/2025/texmf-dist/tex/generic/xkeyval/xkvutils.tex
\XKV@toks=\toks39
\XKV@tempa@toks=\toks40
)
\XKV@depth=\count332
File: xkeyval.tex 2014/12/03 v2.7a key=value parser (HA)
))
(/usr/local/texlive/2025/texmf-dist/tex/latex/adjustbox/adjcalc.sty
Package: adjcalc 2012/05/16 v1.1 Provides advanced setlength with multiple back
-ends (calc, etex, pgfmath)
)
(/usr/local/texlive/2025/texmf-dist/tex/latex/adjustbox/trimclip.sty
Package: trimclip 2025/02/21 v1.2a Trim and clip general TeX material

(/usr/local/texlive/2025/texmf-dist/tex/latex/collectbox/collectbox.sty
Package: collectbox 2022/10/17 v0.4c Collect macro arguments as boxes
\collectedbox=\box85
)
\tc@llx=\dimen298
\tc@lly=\dimen299
\tc@urx=\dimen300
\tc@ury=\dimen301
Package trimclip Info: Using driver 'tc-pdftex.def'.

(/usr/local/texlive/2025/texmf-dist/tex/latex/adjustbox/tc-pdftex.def
File: tc-pdftex.def 2025/02/26 v2.3 Clipping driver for pdftex
))
\adjbox@Width=\dimen302
\adjbox@Height=\dimen303
\adjbox@Depth=\dimen304
\adjbox@Totalheight=\dimen305
\adjbox@pwidth=\dimen306
\adjbox@pheight=\dimen307
\adjbox@pdepth=\dimen308
\adjbox@ptotalheight=\dimen309

(/usr/local/texlive/2025/texmf-dist/tex/latex/ifoddpage/ifoddpage.sty
Package: ifoddpage 2022/10/18 v1.2 Conditionals for odd/even page detection
\c@checkoddpage=\count333
LaTeX Info: Redefining \checkoddpage on input line 45.
)
(/usr/local/texlive/2025/texmf-dist/tex/latex/varwidth/varwidth.sty
Package: varwidth 2009/03/30 ver 0.92;  Variable-width minipages
\@vwid@box=\box86
\sift@deathcycles=\count334
\@vwid@loff=\dimen310
\@vwid@roff=\dimen311
))
(./main.aux)
\openout1 = `main.aux'.

LaTeX Font Info:    Checking defaults for OML/cmm/m/it on input line 54.
LaTeX Font Info:    ... okay on input line 54.
LaTeX Font Info:    Checking defaults for OMS/cmsy/m/n on input line 54.
LaTeX Font Info:    ... okay on input line 54.
LaTeX Font Info:    Checking defaults for OT1/cmr/m/n on input line 54.
LaTeX Font Info:    ... okay on input line 54.
LaTeX Font Info:    Checking defaults for T1/cmr/m/n on input line 54.
LaTeX Font Info:    ... okay on input line 54.
LaTeX Font Info:    Checking defaults for TS1/cmr/m/n on input line 54.
LaTeX Font Info:    ... okay on input line 54.
LaTeX Font Info:    Checking defaults for OMX/cmex/m/n on input line 54.
LaTeX Font Info:    ... okay on input line 54.
LaTeX Font Info:    Checking defaults for U/cmr/m/n on input line 54.
LaTeX Font Info:    ... okay on input line 54.

*geometry* driver: auto-detecting
*geometry* detected driver: pdftex
*geometry* verbose mode - [ preamble ] result:
* driver: pdftex
* paper: <default>
* layout: <same size as paper>
* layoutoffset:(h,v)=(0.0pt,0.0pt)
* modes: 
* h-part:(L,W,R)=(72.26999pt, 469.75502pt, 72.26999pt)
* v-part:(T,H,B)=(72.26999pt, 650.43001pt, 72.26999pt)
* \paperwidth=614.295pt
* \paperheight=794.96999pt
* \textwidth=469.75502pt
* \textheight=650.43001pt
* \oddsidemargin=0.0pt
* \evensidemargin=0.0pt
* \topmargin=-37.0pt
* \headheight=12.0pt
* \headsep=25.0pt
* \topskip=12.0pt
* \footskip=30.0pt
* \marginparwidth=44.0pt
* \marginparsep=10.0pt
* \columnsep=10.0pt
* \skip\footins=10.8pt plus 4.0pt minus 2.0pt
* \hoffset=0.0pt
* \voffset=0.0pt
* \mag=1000
* \@twocolumnfalse
* \@twosidefalse
* \@mparswitchfalse
* \@reversemarginfalse
* (1in=72.27pt=25.4mm, 1cm=28.453pt)

(/usr/local/texlive/2025/texmf-dist/tex/context/base/mkii/supp-pdf.mkii
[Loading MPS to PDF converter (version 2006.09.02).]
\scratchcounter=\count335
\scratchdimen=\dimen312
\scratchbox=\box87
\nofMPsegments=\count336
\nofMParguments=\count337
\everyMPshowfont=\toks41
\MPscratchCnt=\count338
\MPscratchDim=\dimen313
\MPnumerator=\count339
\makeMPintoPDFobject=\count340
\everyMPtoPDFconversion=\toks42
) (/usr/local/texlive/2025/texmf-dist/tex/latex/epstopdf-pkg/epstopdf-base.sty
Package: epstopdf-base 2020-01-24 v2.11 Base part for package epstopdf
Package epstopdf-base Info: Redefining graphics rule for `.eps' on input line 4
85.

(/usr/local/texlive/2025/texmf-dist/tex/latex/latexconfig/epstopdf-sys.cfg
File: epstopdf-sys.cfg 2010/07/13 v1.3 Configuration of (r)epstopdf for TeX Liv
e
))
Package caption Info: Begin \AtBeginDocument code.
Package caption Info: changepage package is loaded.
\caption@adjustwidth@hsize=\dimen314
\caption@adjustwidth@linewidth=\dimen315
Package caption Info: rotating package is loaded.
Package caption Info: threeparttable package is loaded.
Package caption Info: End \AtBeginDocument code.

(/usr/local/texlive/2025/texmf-dist/tex/latex/ninecolors/ninecolors.sty
Package: ninecolors 2022-02-13 v2022D Select colors with proper color contrast

(/usr/local/texlive/2025/texmf-dist/tex/latex/l3packages/xparse/xparse.sty
Package: xparse 2024-08-16 L3 Experimental document command parser
))

[1

{/usr/local/texlive/2025/texmf-var/fonts/map/pdftex/updmap/pdftex.map}]
Overfull \hbox (27.38922pt too wide) in paragraph at lines 98--98
 [][] 
 []

LaTeX Font Info:    Trying to load font information for U+msa on input line 105
.
(/usr/local/texlive/2025/texmf-dist/tex/latex/amsfonts/umsa.fd
File: umsa.fd 2013/01/14 v3.01 AMS symbols A
)
LaTeX Font Info:    Trying to load font information for U+msb on input line 105
.

(/usr/local/texlive/2025/texmf-dist/tex/latex/amsfonts/umsb.fd
File: umsb.fd 2013/01/14 v3.01 AMS symbols B
)

[2]
Underfull \hbox (badness 10000) in paragraph at lines 121--122

 []



[1]
Underfull \hbox (badness 10000) in paragraph at lines 127--128

 []


Underfull \hbox (badness 10000) in paragraph at lines 129--131

 []



[2] (./main.toc

[3]

[4]

[5])
\tf@toc=\write4
\openout4 = `main.toc'.



[6]

[7] (./main.lof

[8]
Overfull \hbox (1.41515pt too wide) in paragraph at lines 9--9
 [][] []\OT1/cmr/m/n/12 Comprehensive per-for-mance ma-trix com-par-ing trans-f
ormer mod-els across mul- 
 []



[9]

[10]

[11])
\tf@lof=\write5
\openout5 = `main.lof'.

 (./main.lot
Overfull \hbox (3.8304pt too wide) in paragraph at lines 5--5
 \OT1/cmr/m/n/12 and spec-tro-gram fea-tures yielded suc-cess-ful re-sults, whi
le prosodic and wav2vec 
 []



[12])
\tf@lot=\write6
\openout6 = `main.lot'.



[13]

[1]
Overfull \hbox (14.68857pt too wide) in paragraph at lines 165--166
[]\OT1/cmr/m/n/12 Fusion Strat-egy As-sess-ment: We sys-tem-at-i-cally com-pare
 early, late, hy-brid, and attention-
 []


LaTeX Warning: Reference `sec:related' on page 2 undefined on input line 172.



[2]
Overfull \hbox (9.384pt too wide) in paragraph at lines 189--200
\OT1/cmr/m/n/12 Convolutional and re-cur-rent net-works rapidly eclipsed clas-s
i-cal mod-els. CNNs and []
 []



[3]

LaTeX Warning: Citation `livingstone2018ravdess' on page 4 undefined on input l
ine 243.


Overfull \hbox (76.42078pt too wide) in paragraph at lines 237--247
\OT1/cmr/bx/n/12 IEMOCAP \OT1/cmr/m/n/12 [17] re-mains the de-facto bench-mark 
($\OMS/cmsy/m/n/12 ^^X$\OT1/cmr/m/n/12 10 k ut-ter-ances, 9 emo-tions, au-dio+v
ideo+transcripts).
 []



[4]

[5]
Underfull \hbox (badness 10000) in paragraph at lines 267--267
[]|\OT1/cmss/m/n/6 openSMILE, word2vec,
 []


Underfull \hbox (badness 10000) in paragraph at lines 267--267
[]|\OT1/cmss/m/n/6 Early fu-sion (fea-ture
 []


Underfull \hbox (badness 10000) in paragraph at lines 268--268
[]|\OT1/cmss/m/n/6 COVAREP, GloVe,
 []


Underfull \hbox (badness 10000) in paragraph at lines 268--268
[]|\OT1/cmss/m/n/6 Utterance in-ter-ac-tion
 []


Underfull \hbox (badness 10000) in paragraph at lines 269--269
[]|\OT1/cmss/m/n/6 YT(3),
 []


Underfull \hbox (badness 10000) in paragraph at lines 269--269
\OT1/cmss/m/n/6 MOUD(2),
 []


Underfull \hbox (badness 10000) in paragraph at lines 269--269
[]|\OT1/cmss/m/n/6 COVAREP, GloVe,
 []


Underfull \hbox (badness 10000) in paragraph at lines 269--270
[]|\OT1/cmss/m/n/6 YT: 61.0%/60.7%;
 []


Underfull \hbox (badness 10000) in paragraph at lines 269--270
\OT1/cmss/m/n/6 MOUD:
 []


Underfull \hbox (badness 10000) in paragraph at lines 270--270
[]|\OT1/cmss/m/n/6 MFCC, GloVe,
 []


Underfull \hbox (badness 10000) in paragraph at lines 271--271
[]|\OT1/cmss/m/n/6 IEMOCAP(4),
 []


Underfull \hbox (badness 10000) in paragraph at lines 271--271
\OT1/cmss/m/n/6 MOUD(2),
 []


Underfull \hbox (badness 2932) in paragraph at lines 271--271
[]|\OT1/cmss/m/n/6 openSMILE, CNN, 3D-
 []


Underfull \hbox (badness 10000) in paragraph at lines 271--272
[]|\OT1/cmss/m/n/6 IEMO: 71.6%;
 []


Underfull \hbox (badness 10000) in paragraph at lines 271--272
\OT1/cmss/m/n/6 MOUD: 67.9%;
 []


Underfull \hbox (badness 10000) in paragraph at lines 272--272
[]|\OT1/cmss/m/n/6 COVAREP, GloVe,
 []


Underfull \hbox (badness 10000) in paragraph at lines 272--272
[]|\OT1/cmss/m/n/6 Fine-grained (dy-namic
 []


Underfull \hbox (badness 10000) in paragraph at lines 273--273
[]|\OT1/cmss/m/n/6 openSMILE, word2vec,
 []


Underfull \hbox (badness 3281) in paragraph at lines 273--273
[]|\OT1/cmss/m/n/6 Hierarchical fu-sion w/
 []


Underfull \hbox (badness 10000) in paragraph at lines 274--274
[]|\OT1/cmss/m/n/6 ICT-MMMO(2),
 []


Underfull \hbox (badness 10000) in paragraph at lines 274--274
\OT1/cmss/m/n/6 YT(3),
 []


Underfull \hbox (badness 10000) in paragraph at lines 274--274
\OT1/cmss/m/n/6 MOUD(2),
 []


Underfull \hbox (badness 10000) in paragraph at lines 274--274
[]|\OT1/cmss/m/n/6 COVAREP, GloVe,
 []


Underfull \hbox (badness 10000) in paragraph at lines 274--274
[]|\OT1/cmss/m/n/6 Cross-modal Trans-
 []


Underfull \hbox (badness 10000) in paragraph at lines 274--275
[]|\OT1/cmss/m/n/6 ICT: 81.3%/79.2%;
 []


Underfull \hbox (badness 10000) in paragraph at lines 274--275
\OT1/cmss/m/n/6 YT: 53.3%/52.4%;
 []


Underfull \hbox (badness 10000) in paragraph at lines 274--275
\OT1/cmss/m/n/6 MOUD:
 []


Overfull \hbox (12.14592pt too wide) in paragraph at lines 274--275
\OT1/cmss/m/n/6 84.8%(UAcc)/81.4%(UF1)| 
 []


Underfull \hbox (badness 10000) in paragraph at lines 275--275
[]|\OT1/cmss/m/n/6 COVAREP, GloVe,
 []


Underfull \hbox (badness 10000) in paragraph at lines 275--275
[]|\OT1/cmss/m/n/6 Fine-grained (Cap-sule
 []


Underfull \hbox (badness 10000) in paragraph at lines 276--276
[]|\OT1/cmss/m/n/6 COVAREP, GloVe,
 []


Underfull \hbox (badness 10000) in paragraph at lines 276--276
[]|\OT1/cmss/m/n/6 Factorized mul-ti-modal
 []


Underfull \hbox (badness 10000) in paragraph at lines 277--277
[]|\OT1/cmss/m/n/6 ICT-MMMO(2),
 []


Underfull \hbox (badness 10000) in paragraph at lines 277--277
[]|\OT1/cmss/m/n/6 COVAREP, GloVe,
 []


Underfull \hbox (badness 10000) in paragraph at lines 277--278
[]|\OT1/cmss/m/n/6 ICT: 81.3%/80.8%;
 []


Underfull \hbox (badness 10000) in paragraph at lines 278--278
[]|\OT1/cmss/m/n/6 IEMOCAP(4),
 []


Underfull \hbox (badness 10000) in paragraph at lines 278--278
[]|\OT1/cmss/m/n/6 openSMILE, BERT,
 []


Underfull \hbox (badness 10000) in paragraph at lines 278--279
[]|\OT1/cmss/m/n/6 IEMO: 75.6%(UAcc
 []


Underfull \hbox (badness 10000) in paragraph at lines 278--279
\OT1/cmss/m/n/6 74.5%); MELD:
 []


Underfull \hbox (badness 10000) in paragraph at lines 279--279
[]|\OT1/cmss/m/n/6 IEMOCAP(4),
 []


Underfull \hbox (badness 10000) in paragraph at lines 279--279
[]|\OT1/cmss/m/n/6 Fine-grained
 []


Underfull \hbox (badness 10000) in paragraph at lines 280--280
[]|\OT1/cmss/m/n/6 IEMOCAP(6),
 []


Underfull \hbox (badness 10000) in paragraph at lines 280--280
\OT1/cmss/m/n/6 MOSI(2),
 []


Underfull \hbox (badness 2932) in paragraph at lines 280--280
[]|\OT1/cmss/m/n/6 openSMILE, CNN, 3D-
 []


Underfull \hbox (badness 10000) in paragraph at lines 281--281
[]|\OT1/cmss/m/n/6 COVAREP, BERT,
 []


Underfull \hbox (badness 10000) in paragraph at lines 282--282
[]|\OT1/cmss/m/n/6 IEMOCAP(4),
 []


Underfull \hbox (badness 10000) in paragraph at lines 282--282
[]|\OT1/cmss/m/n/6 Wav2Vec, RoBERTa,
 []


Underfull \hbox (badness 7796) in paragraph at lines 282--282
[]|\OT1/cmss/m/n/6 Transformer-based late
 []


Underfull \hbox (badness 10000) in paragraph at lines 283--283
[]|\OT1/cmss/m/n/6 IEMOCAP(4),
 []


Underfull \hbox (badness 10000) in paragraph at lines 283--283
[]|\OT1/cmss/m/n/6 COVAREP, BERT,
 []


Underfull \hbox (badness 10000) in paragraph at lines 288--288
[]|\OT1/cmss/m/n/6 Deep NN (fully-
 []


Underfull \hbox (badness 10000) in paragraph at lines 289--289
[]|\OT1/cmss/m/n/6 Parallel
 []



[6]
Overfull \hbox (5.6581pt too wide) in paragraph at lines 315--316
\OT1/cmr/m/n/12 pre-dic-tions, typ-i-cally through vot-ing schemes, weighted av
-er-ag-ing, or ad-di-tional clas-si-fiers [23].
 []



[7


]

[8]
<Figures/system_architecture_fixed.png, id=82, 715.473pt x 570.933pt>
File: Figures/system_architecture_fixed.png Graphic file (type png)
<use Figures/system_architecture_fixed.png>
Package pdftex.def Info: Figures/system_architecture_fixed.png  used on input l
ine 337.
(pdftex.def)             Requested size: 422.77664pt x 337.36154pt.


LaTeX Warning: `h' float specifier changed to `ht'.



[9{/usr/local/texlive/2025/texmf-dist/fonts/enc/dvips/cm-super/cm-super-ts1.enc
}]

[10 <./Figures/system_architecture_fixed.png>]

[11]

[12]

[13]
Overfull \hbox (32.387pt too wide) in paragraph at lines 460--461
[]\OT1/cmr/m/n/12 Disentangled at-ten-tion: Com-putes at-ten-tion weights us-in
g two vec-tors for each word|content
 []



[14]
<Figures/text_model_architecture.png, id=105, 715.473pt x 570.933pt>
File: Figures/text_model_architecture.png Graphic file (type png)
<use Figures/text_model_architecture.png>
Package pdftex.def Info: Figures/text_model_architecture.png  used on input lin
e 476.
(pdftex.def)             Requested size: 399.29463pt x 318.62262pt.


LaTeX Warning: `h' float specifier changed to `ht'.



[15]

[16 <./Figures/text_model_architecture.png>]
<Figures/mfcc_pipeline.png, id=114, 1004.553pt x 426.1521pt>
File: Figures/mfcc_pipeline.png Graphic file (type png)
<use Figures/mfcc_pipeline.png>
Package pdftex.def Info: Figures/mfcc_pipeline.png  used on input line 519.
(pdftex.def)             Requested size: 469.75502pt x 199.2771pt.


LaTeX Warning: `h' float specifier changed to `ht'.



[17]

[18 <./Figures/mfcc_pipeline.png>]

[19]
Overfull \hbox (19.45796pt too wide) in paragraph at lines 576--577
[]\OT1/cmr/m/n/12 Voice qual-ity mea-sures: Jit-ter (pitch vari-a-tion), shim-m
er (am-pli-tude vari-a-tion), harmonics-
 []



[20]
Overfull \hbox (3.07341pt too wide) in paragraph at lines 609--610
\OT1/cmr/m/n/12 im-ple-mented two main types of mod-els: con-vo-lu-tional net-w
orks for spec-tro-grams and MFCCs,
 []



[21]

[22]
<Figures/fusion_strategies_comparison.png, id=135, 860.013pt x 715.473pt>
File: Figures/fusion_strategies_comparison.png Graphic file (type png)
<use Figures/fusion_strategies_comparison.png>
Package pdftex.def Info: Figures/fusion_strategies_comparison.png  used on inpu
t line 666.
(pdftex.def)             Requested size: 422.77664pt x 351.72023pt.


LaTeX Warning: `h' float specifier changed to `ht'.



[23]

[24 <./Figures/fusion_strategies_comparison.png>]

[25]
<Figures/late_fusion_detailed_proper.png, id=146, 715.473pt x 570.933pt>
File: Figures/late_fusion_detailed_proper.png Graphic file (type png)
<use Figures/late_fusion_detailed_proper.png>
Package pdftex.def Info: Figures/late_fusion_detailed_proper.png  used on input
 line 730.
(pdftex.def)             Requested size: 422.77664pt x 337.36154pt.


LaTeX Warning: `h' float specifier changed to `ht'.



[26]

[27 <./Figures/late_fusion_detailed_proper.png>]
<Figures/hybrid_fusion_detailed.png, id=154, 715.473pt x 570.933pt>
File: Figures/hybrid_fusion_detailed.png Graphic file (type png)
<use Figures/hybrid_fusion_detailed.png>
Package pdftex.def Info: Figures/hybrid_fusion_detailed.png  used on input line
 762.
(pdftex.def)             Requested size: 422.77664pt x 337.36154pt.


[28 <./Figures/hybrid_fusion_detailed.png>]

[29]

[30]

[31]

[32]

[33]

[34]

[35]
Overfull \hbox (1.41087pt too wide) in paragraph at lines 993--994
[]\OT1/cmr/m/n/12 Sequence han-dling: Variable-length se-quences padded to the 
95th per-centile length 
 []



[36]
<Figures/experiment_framework.png, id=186, 860.013pt x 715.473pt>
File: Figures/experiment_framework.png Graphic file (type png)
<use Figures/experiment_framework.png>
Package pdftex.def Info: Figures/experiment_framework.png  used on input line 1
042.
(pdftex.def)             Requested size: 422.77664pt x 351.72023pt.


[37]

[38 <./Figures/experiment_framework.png>]

[39]

[40]

[41]

[42]

[43]
Overfull \hbox (2.96509pt too wide) in paragraph at lines 1202--1203
[]\OT1/cmr/m/n/12 Mean Squared Er-ror (MSE): Av-er-age squared dif-fer-ence be-
tween pre-dic-tions and ground
 []



[44]
LaTeX Font Info:    Trying to load font information for OMS+cmr on input line 1
259.
 (/usr/local/texlive/2025/texmf-dist/tex/latex/base/omscmr.fd
File: omscmr.fd 2024/11/19 v2.5n Standard LaTeX font definitions
)
LaTeX Font Info:    Font shape `OMS/cmr/m/n' in size <12> not available
(Font)              Font shape `OMS/cmsy/m/n' tried instead on input line 1259.



[45]

[46]
<Figures/dataset_comparison.png, id=224, 722.7pt x 433.62pt>
File: Figures/dataset_comparison.png Graphic file (type png)
<use Figures/dataset_comparison.png>
Package pdftex.def Info: Figures/dataset_comparison.png  used on input line 130
6.
(pdftex.def)             Requested size: 375.80544pt x 225.48369pt.


LaTeX Warning: `h' float specifier changed to `ht'.



[47]
<Figures/model_comparison_matrix.png, id=228, 771.6027pt x 566.3559pt>
File: Figures/model_comparison_matrix.png Graphic file (type png)
<use Figures/model_comparison_matrix.png>
Package pdftex.def Info: Figures/model_comparison_matrix.png  used on input lin
e 1323.
(pdftex.def)             Requested size: 446.26582pt x 327.55331pt.


LaTeX Warning: `h' float specifier changed to `ht'.


LaTeX Warning: `h' float specifier changed to `ht'.



[48 <./Figures/dataset_comparison.png>]

[49 <./Figures/model_comparison_matrix.png>]
Underfull \hbox (badness 10000) in paragraph at lines 1384--1384
[]|\OT1/cmr/m/n/12 Superior con-text
 []


Underfull \hbox (badness 2503) in paragraph at lines 1384--1384
\OT1/cmr/m/n/12 mod-el-ing, ro-bust to
 []


Underfull \hbox (badness 10000) in paragraph at lines 1384--1384
\OT1/cmr/m/n/12 lin-guis-tic vari-a-tions,
 []


Underfull \hbox (badness 10000) in paragraph at lines 1384--1385
[]|\OT1/cmr/m/n/12 Large size, high
 []


Underfull \hbox (badness 10000) in paragraph at lines 1384--1385
\OT1/cmr/m/n/12 com-pu-ta-tional re-
 []


Underfull \hbox (badness 10000) in paragraph at lines 1386--1386
[]|\OT1/cmr/m/n/12 Excellent han-dling
 []


Underfull \hbox (badness 10000) in paragraph at lines 1386--1386
\OT1/cmr/m/n/12 of com-plex syn-tax,
 []


Underfull \hbox (badness 10000) in paragraph at lines 1390--1390
[]|\OT1/cmr/m/n/12 Extremely ef-fi-cient,
 []


Underfull \hbox (badness 10000) in paragraph at lines 1390--1390
\OT1/cmr/m/n/12 10x smaller than
 []


Underfull \hbox (badness 1635) in paragraph at lines 1390--1390
\OT1/cmr/m/n/12 oth-ers with min-i-mal
 []


Underfull \hbox (badness 10000) in paragraph at lines 1390--1391
[]|\OT1/cmr/m/n/12 Occasionally misses
 []


LaTeX Warning: `h' float specifier changed to `ht'.

<Figures/learning_curves_detailed.png, id=237, 1289.0559pt x 566.8377pt>
File: Figures/learning_curves_detailed.png Graphic file (type png)
<use Figures/learning_curves_detailed.png>
Package pdftex.def Info: Figures/learning_curves_detailed.png  used on input li
ne 1400.
(pdftex.def)             Requested size: 446.26582pt x 196.23386pt.

LaTeX Warning: `h' float specifier changed to `ht'.



[50]
<Figures/audio_feature_comparison.png, id=241, 722.7pt x 433.62pt>
File: Figures/audio_feature_comparison.png Graphic file (type png)
<use Figures/audio_feature_comparison.png>
Package pdftex.def Info: Figures/audio_feature_comparison.png  used on input li
ne 1420.
(pdftex.def)             Requested size: 422.77664pt x 253.66338pt.


LaTeX Warning: `h' float specifier changed to `ht'.


Overfull \hbox (6.77974pt too wide) in paragraph at lines 1431--1444
 [][] 
 []


LaTeX Warning: `h' float specifier changed to `ht'.



[51]

[52 <./Figures/learning_curves_detailed.png>]

[53 <./Figures/audio_feature_comparison.png>]
<Figures/comprehensive_fusion_matrix.png, id=254, 1287.6105pt x 711.3777pt>
File: Figures/comprehensive_fusion_matrix.png Graphic file (type png)
<use Figures/comprehensive_fusion_matrix.png>
Package pdftex.def Info: Figures/comprehensive_fusion_matrix.png  used on input
 line 1489.
(pdftex.def)             Requested size: 446.26582pt x 246.55446pt.


[54 <./Figures/comprehensive_fusion_matrix.png>]
Overfull \hbox (11.10477pt too wide) in paragraph at lines 1500--1513
 [][] 
 []


LaTeX Warning: `h' float specifier changed to `ht'.



[55]
<Figures/modality_comparison_chart.png, id=262, 999.9759pt x 566.115pt>
File: Figures/modality_comparison_chart.png Graphic file (type png)
<use Figures/modality_comparison_chart.png>
Package pdftex.def Info: Figures/modality_comparison_chart.png  used on input l
ine 1572.
(pdftex.def)             Requested size: 446.26582pt x 252.64166pt.


LaTeX Warning: `h' float specifier changed to `ht'.

File: Figures/dataset_comparison.png Graphic file (type png)
<use Figures/dataset_comparison.png>
Package pdftex.def Info: Figures/dataset_comparison.png  used on input line 158
2.
(pdftex.def)             Requested size: 422.77664pt x 253.66338pt.

LaTeX Warning: `h' float specifier changed to `ht'.



[56]

[57 <./Figures/modality_comparison_chart.png>]
<Figures/emotion_performance_radar.png, id=270, 708.0051pt x 687.5286pt>
File: Figures/emotion_performance_radar.png Graphic file (type png)
<use Figures/emotion_performance_radar.png>
Package pdftex.def Info: Figures/emotion_performance_radar.png  used on input l
ine 1607.
(pdftex.def)             Requested size: 375.80544pt x 364.93394pt.


LaTeX Warning: `h' float specifier changed to `ht'.



[58]

[59 <./Figures/emotion_performance_radar.png>]
Overfull \hbox (8.6512pt too wide) in paragraph at lines 1644--1661
 [][] 
 []



[60]
Overfull \hbox (94.49559pt too wide) in paragraph at lines 1680--1681
\OT1/cmr/m/n/12 A closer ex-am-i-na-tion of the best-performing ex-per-i-ment (
IEMO-CAP[]Final[]text[]roberta[]base[]20250509[]023523)
 []


Overfull \hbox (16.88576pt too wide) in paragraph at lines 1699--1700
[]\OT1/cmr/m/n/12 These re-sults in-di-cate that the model per-forms bet-ter at
 pre-dict-ing va-lence (pos-i-tive/negative
 []


Overfull \hbox (93.10411pt too wide) in paragraph at lines 1702--1703
\OT1/cmr/m/n/12 The best mul-ti-modal con-fig-u-ra-tion (IEMO-CAP[]Final[]multi
modal[]roberta[]base[]mfcc[]hybrid[]20250509[]053946)
 []



[61]

[62]

[63]
<Figures/enhanced_confusion_matrix.png, id=292, 804.8469pt x 718.8456pt>
File: Figures/enhanced_confusion_matrix.png Graphic file (type png)
<use Figures/enhanced_confusion_matrix.png>
Package pdftex.def Info: Figures/enhanced_confusion_matrix.png  used on input l
ine 1778.
(pdftex.def)             Requested size: 422.77664pt x 377.59703pt.


[64]

[65 <./Figures/enhanced_confusion_matrix.png>]

[66]
Overfull \hbox (17.56076pt too wide) in paragraph at lines 1856--1857
[]\OT1/cmr/m/n/12 The per-for-mance dif-fer-ences be-tween op-ti-mal feature-fu
sion com-bi-na-tions (MFCC+Hybrid
 []



[67]

[68]
<Figures/performance_efficiency_tradeoff.png, id=310, 855.4359pt x 639.1077pt>
File: Figures/performance_efficiency_tradeoff.png Graphic file (type png)
<use Figures/performance_efficiency_tradeoff.png>
Package pdftex.def Info: Figures/performance_efficiency_tradeoff.png  used on i
nput line 1889.
(pdftex.def)             Requested size: 422.77664pt x 315.8668pt.


LaTeX Warning: `h' float specifier changed to `ht'.



[69]

[70 <./Figures/performance_efficiency_tradeoff.png>]

[71]

[72]

[73]

[74]

[75]

[76]

[77]
Overfull \hbox (21.23027pt too wide) in paragraph at lines 2119--2134
 [][] 
 []


Overfull \hbox (6.93015pt too wide) in paragraph at lines 2142--2143
[]\OT1/cmr/bx/n/12 Model ar-chi-tec-ture: \OT1/cmr/m/n/12 Lever-ag-ing pre-trai
ned trans-former mod-els in-stead of RNN/CNN
 []



[78]

[79]
Overfull \hbox (1.18593pt too wide) in paragraph at lines 2175--2176
[]\OT1/cmr/bx/n/12 Dimensional mod-el-ing: \OT1/cmr/m/n/12 While we eval-u-ated
 di-men-sional emo-tion pre-dic-tions (VAD),
 []



[80]

[81]

[82]
Overfull \hbox (15.37608pt too wide) in paragraph at lines 2291--2292
\OT1/cmr/m/n/12 nec-es-sar-ily out-per-form uni-modal ones, our text-only RoBER
Ta model (91.82%) marginally
 []



[83]
Overfull \hbox (2.93233pt too wide) in paragraph at lines 2295--2296
[]\OT1/cmr/bx/n/12 Efficiency-performance trade-off: \OT1/cmr/m/n/12 AL-BERT's 
im-pres-sive per-for-mance (91.44%) with
 []



[84]

[85]

[86]

[87]
Overfull \hbox (3.57922pt too wide) in paragraph at lines 2401--2402
[]\OT1/cmr/bx/n/12 Cross-validation ap-proach: \OT1/cmr/m/n/12 Im-ple-ment-ing 
rig-or-ous 5-fold cross-validation with strat-
 []



[88]

[89]

[90]

[91]

[92]
Overfull \hbox (0.16365pt too wide) in paragraph at lines 2518--2519
[]\OT1/cmr/bx/n/12 Privacy preser-va-tion: \OT1/cmr/m/n/12 De-vel-op-ing privac
y-preserving emo-tion recog-ni-tion tech-niques
 []



[93]

[94]
<Figures/feature_fusion_matrix.png, id=396, 722.7pt x 578.16pt>
File: Figures/feature_fusion_matrix.png Graphic file (type png)
<use Figures/feature_fusion_matrix.png>
Package pdftex.def Info: Figures/feature_fusion_matrix.png  used on input line 
2560.
(pdftex.def)             Requested size: 422.77664pt x 338.21782pt.


LaTeX Warning: `h' float specifier changed to `ht'.



[95]
<Figures/ablation_analysis.png, id=400, 722.7pt x 433.62pt>
File: Figures/ablation_analysis.png Graphic file (type png)
<use Figures/ablation_analysis.png>
Package pdftex.def Info: Figures/ablation_analysis.png  used on input line 2570
.
(pdftex.def)             Requested size: 422.77664pt x 253.66338pt.


LaTeX Warning: `h' float specifier changed to `ht'.

<Figures/error_analysis.png, id=401, 722.7pt x 578.16pt>
File: Figures/error_analysis.png Graphic file (type png)
<use Figures/error_analysis.png>
Package pdftex.def Info: Figures/error_analysis.png  used on input line 2580.
(pdftex.def)             Requested size: 422.77664pt x 338.21782pt.

LaTeX Warning: `h' float specifier changed to `ht'.



[96 <./Figures/feature_fusion_matrix.png>] (./main.bbl

[97 <./Figures/ablation_analysis.png>]

[98 <./Figures/error_analysis.png>]

[99]

[100])

[101] (./main.aux)
 ***********
LaTeX2e <2024-11-01> patch level 2
L3 programming layer <2025-01-18>
 ***********


LaTeX Warning: There were undefined references.

 ) 
Here is how much of TeX's memory you used:
 10365 strings out of 473190
 192954 string characters out of 5715801
 639803 words of memory out of 5000000
 33426 multiletter control sequences out of 15000+600000
 571047 words of font info for 82 fonts, out of 8000000 for 9000
 1141 hyphenation exceptions out of 8191
 67i,13n,79p,1392b,471s stack positions out of 10000i,1000n,20000p,200000b,200000s
</usr/local/texlive/2025/texmf-dist/fonts/type1/public/amsfonts/cm/cmbx12.pfb
></usr/local/texlive/2025/texmf-dist/fonts/type1/public/amsfonts/cm/cmcsc10.pfb
></usr/local/texlive/2025/texmf-dist/fonts/type1/public/amsfonts/cm/cmex10.pfb>
</usr/local/texlive/2025/texmf-dist/fonts/type1/public/amsfonts/cm/cmmi12.pfb><
/usr/local/texlive/2025/texmf-dist/fonts/type1/public/amsfonts/cm/cmmi8.pfb></u
sr/local/texlive/2025/texmf-dist/fonts/type1/public/amsfonts/cm/cmr10.pfb></usr
/local/texlive/2025/texmf-dist/fonts/type1/public/amsfonts/cm/cmr12.pfb></usr/l
ocal/texlive/2025/texmf-dist/fonts/type1/public/amsfonts/cm/cmr17.pfb></usr/loc
al/texlive/2025/texmf-dist/fonts/type1/public/amsfonts/cm/cmr8.pfb></usr/local/
texlive/2025/texmf-dist/fonts/type1/public/amsfonts/cm/cmss8.pfb></usr/local/te
xlive/2025/texmf-dist/fonts/type1/public/amsfonts/cm/cmssbx10.pfb></usr/local/t
exlive/2025/texmf-dist/fonts/type1/public/amsfonts/cm/cmsy10.pfb></usr/local/te
xlive/2025/texmf-dist/fonts/type1/public/amsfonts/cm/cmti12.pfb></usr/local/tex
live/2025/texmf-dist/fonts/type1/public/cm-super/sfrm1200.pfb>
Output written on main.pdf (116 pages, 5086277 bytes).
PDF statistics:
 490 PDF objects out of 1000 (max. 8388607)
 302 compressed objects within 4 object streams
 0 named destinations out of 1000 (max. 500000)
 96 words of extra memory for PDF output out of 10000 (max. 10000000)

